<html>
<head>
<title>TestNG:  Default test</title>
<link href="../testng.css" rel="stylesheet" type="text/css" />
<link href="../my-testng.css" rel="stylesheet" type="text/css" />

<style type="text/css">
.log { display: none;} 
.stack-trace { display: none;} 
</style>
<script type="text/javascript">
<!--
function flip(e) {
  current = e.style.display;
  if (current == 'block') {
    e.style.display = 'none';
    return 0;
  }
  else {
    e.style.display = 'block';
    return 1;
  }
}

function toggleBox(szDivId, elem, msg1, msg2)
{
  var res = -1;  if (document.getElementById) {
    res = flip(document.getElementById(szDivId));
  }
  else if (document.all) {
    // this is the way old msie versions work
    res = flip(document.all[szDivId]);
  }
  if(elem) {
    if(res == 0) elem.innerHTML = msg1; else elem.innerHTML = msg2;
  }

}

function toggleAllBoxes() {
  if (document.getElementsByTagName) {
    d = document.getElementsByTagName('div');
    for (i = 0; i < d.length; i++) {
      if (d[i].className == 'log') {
        flip(d[i]);
      }
    }
  }
}

// -->
</script>

</head>
<body>
<h2 align='center'>Default test</h2><table border='1' align="center">
<tr>
<td>Tests passed/Failed/Skipped:</td><td>13/1/0</td>
</tr><tr>
<td>Started on:</td><td>Fri Mar 15 01:24:42 ART 2019</td>
</tr>
<tr><td>Total time:</td><td>18 seconds (18593 ms)</td>
</tr><tr>
<td>Included groups:</td><td></td>
</tr><tr>
<td>Excluded groups:</td><td></td>
</tr>
</table><p/>
<small><i>(Hover the method name to see the test class name)</i></small><p/>
<table width='100%' border='1' class='invocation-failed'>
<tr><td colspan='4' align='center'><b>FAILED TESTS</b></td></tr>
<tr><td><b>Test method</b></td>
<td width="30%"><b>Exception</b></td>
<td width="10%"><b>Time (seconds)</b></td>
<td><b>Instance</b></td>
</tr>
<tr>
<td title='com.unknow.test.services.CiudadTest.requestUsZipCode90210_extractPlaceNameFromResponseBody_assertEqualToBeverlyHills()'><b>requestUsZipCode90210_extractPlaceNameFromResponseBody_assertEqualToBeverlyHills</b><br>Test class: com.unknow.test.services.CiudadTest</td>
<td><div><pre>java.lang.AssertionError: expected [Beverly Hills] but found [null]
	at org.testng.Assert.fail(Assert.java:93)
	at org.testng.Assert.failNotEquals(Assert.java:512)
	at org.testng.Assert.assertEqualsImpl(Assert.java:129)
	at org.testng.Assert.assertEquals(Assert.java:115)
	at org.testng.Assert.assertEquals(Assert.java:189)
	at org.testng.Assert.assertEquals(Assert.java:199)
	at com.unknow.test.services.CiudadTest.requestUsZipCode90210_extractPlaceNameFromResponseBody_assertEqualToBeverlyHills(CiudadTest.java:200)
	at sun.reflect.NativeMethodAccessorImpl.invoke0(Native Method)
	at sun.reflect.NativeMethodAccessorImpl.invoke(Unknown Source)
	at sun.reflect.DelegatingMethodAccessorImpl.invoke(Unknown Source)
	at java.lang.reflect.Method.invoke(Unknown Source)
	at org.testng.internal.MethodInvocationHelper.invokeMethod(MethodInvocationHelper.java:108)
	at org.testng.internal.Invoker.invokeMethod(Invoker.java:661)
	at org.testng.internal.Invoker.invokeTestMethod(Invoker.java:869)
	at org.testng.internal.Invoker.invokeTestMethods(Invoker.java:1193)
	at org.testng.internal.TestMethodWorker.invokeTestMethods(TestMethodWorker.java:126)
	at org.testng.internal.TestMethodWorker.run(TestMethodWorker.java:109)
	at org.testng.TestRunner.privateRun(TestRunner.java:744)
	at org.testng.TestRunner.run(TestRunner.java:602)
	at org.testng.SuiteRunner.runTest(SuiteRunner.java:380)
	at org.testng.SuiteRunner.runSequentially(SuiteRunner.java:375)
	at org.testng.SuiteRunner.privateRun(SuiteRunner.java:340)
	at org.testng.SuiteRunner.run(SuiteRunner.java:289)
	at org.testng.SuiteRunnerWorker.runSuite(SuiteRunnerWorker.java:52)
	at org.testng.SuiteRunnerWorker.run(SuiteRunnerWorker.java:86)
	at org.testng.TestNG.runSuitesSequentially(TestNG.java:1301)
	at org.testng.TestNG.runSuitesLocally(TestNG.java:1226)
	at org.testng.TestNG.runSuites(TestNG.java:1144)
	at org.testng.TestNG.run(TestNG.java:1115)
	at org.testng.remote.AbstractRemoteTestNG.run(AbstractRemoteTestNG.java:114)
	at org.testng.remote.RemoteTestNG.initAndRun(RemoteTestNG.java:251)
	at org.testng.remote.RemoteTestNG.main(RemoteTestNG.java:77)
</pre></div><a href='#' onClick='toggleBox("stack-trace1690481990", this, "Click to show all stack frames", "Click to hide stack frames")'>Click to show all stack frames</a>
<div class='stack-trace' id='stack-trace1690481990'><pre>java.lang.AssertionError: expected [Beverly Hills] but found [null]
	at org.testng.Assert.fail(Assert.java:93)
	at org.testng.Assert.failNotEquals(Assert.java:512)
	at org.testng.Assert.assertEqualsImpl(Assert.java:129)
	at org.testng.Assert.assertEquals(Assert.java:115)
	at org.testng.Assert.assertEquals(Assert.java:189)
	at org.testng.Assert.assertEquals(Assert.java:199)
	at com.unknow.test.services.CiudadTest.requestUsZipCode90210_extractPlaceNameFromResponseBody_assertEqualToBeverlyHills(CiudadTest.java:200)
	at sun.reflect.NativeMethodAccessorImpl.invoke0(Native Method)
	at sun.reflect.NativeMethodAccessorImpl.invoke(Unknown Source)
	at sun.reflect.DelegatingMethodAccessorImpl.invoke(Unknown Source)
	at java.lang.reflect.Method.invoke(Unknown Source)
	at org.testng.internal.MethodInvocationHelper.invokeMethod(MethodInvocationHelper.java:108)
	at org.testng.internal.Invoker.invokeMethod(Invoker.java:661)
	at org.testng.internal.Invoker.invokeTestMethod(Invoker.java:869)
	at org.testng.internal.Invoker.invokeTestMethods(Invoker.java:1193)
	at org.testng.internal.TestMethodWorker.invokeTestMethods(TestMethodWorker.java:126)
	at org.testng.internal.TestMethodWorker.run(TestMethodWorker.java:109)
	at org.testng.TestRunner.privateRun(TestRunner.java:744)
	at org.testng.TestRunner.run(TestRunner.java:602)
	at org.testng.SuiteRunner.runTest(SuiteRunner.java:380)
	at org.testng.SuiteRunner.runSequentially(SuiteRunner.java:375)
	at org.testng.SuiteRunner.privateRun(SuiteRunner.java:340)
	at org.testng.SuiteRunner.run(SuiteRunner.java:289)
	at org.testng.SuiteRunnerWorker.runSuite(SuiteRunnerWorker.java:52)
	at org.testng.SuiteRunnerWorker.run(SuiteRunnerWorker.java:86)
	at org.testng.TestNG.runSuitesSequentially(TestNG.java:1301)
	at org.testng.TestNG.runSuitesLocally(TestNG.java:1226)
	at org.testng.TestNG.runSuites(TestNG.java:1144)
	at org.testng.TestNG.run(TestNG.java:1115)
	at org.testng.remote.AbstractRemoteTestNG.run(AbstractRemoteTestNG.java:114)
	at org.testng.remote.RemoteTestNG.initAndRun(RemoteTestNG.java:251)
	at org.testng.remote.RemoteTestNG.main(RemoteTestNG.java:77)
</pre></div></td>
<td>0</td>
<td>com.unknow.test.services.CiudadTest@53b32d7</td></tr>
</table><p>
<table width='100%' border='1' class='invocation-passed'>
<tr><td colspan='4' align='center'><b>PASSED TESTS</b></td></tr>
<tr><td><b>Test method</b></td>
<td width="30%"><b>Exception</b></td>
<td width="10%"><b>Time (seconds)</b></td>
<td><b>Instance</b></td>
</tr>
<tr>
<td title='com.unknow.test.services.CiudadTest.requestCaZipCodeB2R_checkPlaceNameInResponseBody_expectWaverley()'><b>requestCaZipCodeB2R_checkPlaceNameInResponseBody_expectWaverley</b><br>Test class: com.unknow.test.services.CiudadTest</td>
<td></td>
<td>2</td>
<td>com.unknow.test.services.CiudadTest@53b32d7</td></tr>
<tr>
<td title='com.unknow.test.services.CiudadTest.requestUsZipCode12345_checkPlaceNameInResponseBody_expectSchenectady()'><b>requestUsZipCode12345_checkPlaceNameInResponseBody_expectSchenectady</b><br>Test class: com.unknow.test.services.CiudadTest</td>
<td></td>
<td>0</td>
<td>com.unknow.test.services.CiudadTest@53b32d7</td></tr>
<tr>
<td title='com.unknow.test.services.CiudadTest.requestUsZipCode90210_checkContentType_expectApplicationJson()'><b>requestUsZipCode90210_checkContentType_expectApplicationJson</b><br>Test class: com.unknow.test.services.CiudadTest</td>
<td></td>
<td>6</td>
<td>com.unknow.test.services.CiudadTest@53b32d7</td></tr>
<tr>
<td title='com.unknow.test.services.CiudadTest.requestUsZipCode90210_checkListOfPlaceNamesInResponseBody_expectContainsBeverlyHills()'><b>requestUsZipCode90210_checkListOfPlaceNamesInResponseBody_expectContainsBeverlyHills</b><br>Test class: com.unknow.test.services.CiudadTest</td>
<td></td>
<td>0</td>
<td>com.unknow.test.services.CiudadTest@53b32d7</td></tr>
<tr>
<td title='com.unknow.test.services.CiudadTest.requestUsZipCode90210_checkNumberOfPlaceNamesInResponseBody_expectOne()'><b>requestUsZipCode90210_checkNumberOfPlaceNamesInResponseBody_expectOne</b><br>Test class: com.unknow.test.services.CiudadTest</td>
<td></td>
<td>0</td>
<td>com.unknow.test.services.CiudadTest@53b32d7</td></tr>
<tr>
<td title='com.unknow.test.services.CiudadTest.requestUsZipCode90210_checkPlaceNameInResponseBody_expectBeverlyHills_withRequestSpec()'><b>requestUsZipCode90210_checkPlaceNameInResponseBody_expectBeverlyHills_withRequestSpec</b><br>Test class: com.unknow.test.services.CiudadTest</td>
<td></td>
<td>0</td>
<td>com.unknow.test.services.CiudadTest@53b32d7</td></tr>
<tr>
<td title='com.unknow.test.services.CiudadTest.requestUsZipCode90210_checkPlaceNameInResponseBody_expectBeverlyHills_withResponseSpec()'><b>requestUsZipCode90210_checkPlaceNameInResponseBody_expectBeverlyHills_withResponseSpec</b><br>Test class: com.unknow.test.services.CiudadTest</td>
<td></td>
<td>0</td>
<td>com.unknow.test.services.CiudadTest@53b32d7</td></tr>
<tr>
<td title='com.unknow.test.services.CiudadTest.requestUsZipCode90210_checkStateNameInResponseBody_expectCalifornia()'><b>requestUsZipCode90210_checkStateNameInResponseBody_expectCalifornia</b><br>Test class: com.unknow.test.services.CiudadTest</td>
<td></td>
<td>0</td>
<td>com.unknow.test.services.CiudadTest@53b32d7</td></tr>
<tr>
<td title='com.unknow.test.services.CiudadTest.requestUsZipCode90210_checkStatusCode_expectHttp200()'><b>requestUsZipCode90210_checkStatusCode_expectHttp200</b><br>Test class: com.unknow.test.services.CiudadTest</td>
<td></td>
<td>0</td>
<td>com.unknow.test.services.CiudadTest@53b32d7</td></tr>
<tr>
<td title='com.unknow.test.services.CiudadTest.requestUsZipCode90210_logRequestAndResponseDetails()'><b>requestUsZipCode90210_logRequestAndResponseDetails</b><br>Test class: com.unknow.test.services.CiudadTest</td>
<td></td>
<td>0</td>
<td>com.unknow.test.services.CiudadTest@53b32d7</td></tr>
<tr>
<td title='com.unknow.test.services.CiudadTest.requestZipCodesFromCollection_checkPlaceNameInResponseBody_expectSpecifiedPlaceName()'><b>requestZipCodesFromCollection_checkPlaceNameInResponseBody_expectSpecifiedPlaceName</b><br>Test class: com.unknow.test.services.CiudadTest<br>Parameters: us, 90210, Beverly Hills</td>
<td></td>
<td>3</td>
<td>com.unknow.test.services.CiudadTest@53b32d7</td></tr>
<tr>
<td title='com.unknow.test.services.CiudadTest.requestZipCodesFromCollection_checkPlaceNameInResponseBody_expectSpecifiedPlaceName()'><b>requestZipCodesFromCollection_checkPlaceNameInResponseBody_expectSpecifiedPlaceName</b><br>Test class: com.unknow.test.services.CiudadTest<br>Parameters: us, 12345, Schenectady</td>
<td></td>
<td>0</td>
<td>com.unknow.test.services.CiudadTest@53b32d7</td></tr>
<tr>
<td title='com.unknow.test.services.CiudadTest.requestZipCodesFromCollection_checkPlaceNameInResponseBody_expectSpecifiedPlaceName()'><b>requestZipCodesFromCollection_checkPlaceNameInResponseBody_expectSpecifiedPlaceName</b><br>Test class: com.unknow.test.services.CiudadTest<br>Parameters: ca, B2R, Waverley</td>
<td></td>
<td>0</td>
<td>com.unknow.test.services.CiudadTest@53b32d7</td></tr>
</table><p>
</body>
</html>